<?xml version="1.0" encoding="UTF-8"?>
<!-- Generated by org.testng.reporters.JUnitXMLReporter -->
<testsuite ignored="0" hostname="ITT-VISHAL-S" failures="0" tests="3" name="Default test" time="0.106" errors="0" timestamp="2023-10-02T14:44:56 IST">
  <testcase classname="introduction.Attribute_DataProviderTest" name="TestDataProvider" time="0.016"/>
  <testcase classname="introduction.Attribute_DataProviderTest" name="TestDataProvider" time="0.013"/>
  <testcase classname="introduction.Attribute_DataProviderTest" name="TestDataProvider" time="0.013"/>
</testsuite> <!-- Default test -->
