<?xml version="1.0" encoding="UTF-8"?>
<!-- Generated by org.testng.reporters.JUnitXMLReporter -->
<testsuite ignored="0" hostname="ITT-VISHAL-S" failures="0" tests="3" name="Default test" time="0.103" errors="0" timestamp="2024-04-30T16:51:07 IST">
  <testcase classname="introduction.Attribute_DependsOnDemo" name="c" time="0.012"/>
  <testcase classname="introduction.Attribute_DependsOnDemo" name="b" time="0.002"/>
  <testcase classname="introduction.Attribute_DependsOnDemo" name="a" time="0.003"/>
</testsuite> <!-- Default test -->
