<?xml version="1.0" encoding="UTF-8"?>
<testng-results ignored="2" total="10" passed="8" failed="0" skipped="0">
  <reporter-output>
  </reporter-output>
  <suite started-at="2024-04-30T17:04:07 IST" name="First Suite" finished-at="2024-04-30T17:04:08 IST" duration-ms="571">
    <groups>
    </groups>
    <test started-at="2024-04-30T17:04:07 IST" name="First test " finished-at="2024-04-30T17:04:08 IST" duration-ms="130">
      <class name="introduction.FirstTest">
        <test-method signature="firstTest()[pri:0, instance:introduction.FirstTest@4b14c583]" started-at="2024-04-30T17:04:07 IST" name="firstTest" finished-at="2024-04-30T17:04:08 IST" duration-ms="20" status="PASS">
          <reporter-output>
          </reporter-output>
        </test-method> <!-- firstTest -->
      </class> <!-- introduction.FirstTest -->
    </test> <!-- First test  -->
    <test started-at="2024-04-30T17:04:08 IST" name="Priority Demo" finished-at="2024-04-30T17:04:08 IST" duration-ms="33">
      <class name="introduction.Attribute_PriorityTest">
        <test-method signature="c()[pri:0, instance:introduction.Attribute_PriorityTest@3d74bf60]" started-at="2024-04-30T17:04:08 IST" name="c" finished-at="2024-04-30T17:04:08 IST" duration-ms="3" status="PASS">
          <reporter-output>
          </reporter-output>
        </test-method> <!-- c -->
        <test-method signature="b()[pri:0, instance:introduction.Attribute_PriorityTest@3d74bf60]" started-at="2024-04-30T17:04:08 IST" name="b" finished-at="2024-04-30T17:04:08 IST" depends-on-methods="introduction.Attribute_PriorityTest.c" duration-ms="4" status="PASS">
          <reporter-output>
          </reporter-output>
        </test-method> <!-- b -->
        <test-method signature="a()[pri:0, instance:introduction.Attribute_PriorityTest@3d74bf60]" started-at="2024-04-30T17:04:08 IST" name="a" finished-at="2024-04-30T17:04:08 IST" depends-on-methods="introduction.Attribute_PriorityTest.b" duration-ms="3" status="PASS">
          <reporter-output>
          </reporter-output>
        </test-method> <!-- a -->
      </class> <!-- introduction.Attribute_PriorityTest -->
    </test> <!-- Priority Demo -->
    <test started-at="2024-04-30T17:04:08 IST" name="IncludeMe tag test" finished-at="2024-04-30T17:04:08 IST" duration-ms="11">
      <class name="introduction.IncludeOnlyDemo">
        <test-method signature="includeMe()[pri:0, instance:introduction.IncludeOnlyDemo@708f5957]" started-at="2024-04-30T17:04:08 IST" name="includeMe" finished-at="2024-04-30T17:04:08 IST" duration-ms="4" status="PASS">
          <reporter-output>
          </reporter-output>
        </test-method> <!-- includeMe -->
      </class> <!-- introduction.IncludeOnlyDemo -->
    </test> <!-- IncludeMe tag test -->
    <test started-at="2024-04-30T17:04:08 IST" name="Regex for filtering demo" finished-at="2024-04-30T17:04:08 IST" duration-ms="20">
      <class name="introduction.RegexSuiteForControllingTests">
        <test-method signature="runMe()[pri:0, instance:introduction.RegexSuiteForControllingTests@7193666c]" started-at="2024-04-30T17:04:08 IST" name="runMe" finished-at="2024-04-30T17:04:08 IST" duration-ms="2" status="PASS">
          <reporter-output>
          </reporter-output>
        </test-method> <!-- runMe -->
        <test-method signature="runMe2()[pri:0, instance:introduction.RegexSuiteForControllingTests@7193666c]" started-at="2024-04-30T17:04:08 IST" name="runMe2" finished-at="2024-04-30T17:04:08 IST" duration-ms="3" status="PASS">
          <reporter-output>
          </reporter-output>
        </test-method> <!-- runMe2 -->
        <test-method signature="runMe3()[pri:0, instance:introduction.RegexSuiteForControllingTests@7193666c]" started-at="2024-04-30T17:04:08 IST" name="runMe3" finished-at="2024-04-30T17:04:08 IST" duration-ms="2" status="PASS">
          <reporter-output>
          </reporter-output>
        </test-method> <!-- runMe3 -->
      </class> <!-- introduction.RegexSuiteForControllingTests -->
    </test> <!-- Regex for filtering demo -->
  </suite> <!-- First Suite -->
</testng-results>
