<?xml version="1.0" encoding="UTF-8"?>
<!-- Generated by org.testng.reporters.JUnitXMLReporter -->
<testsuite ignored="1" hostname="ITT-VISHAL-S" failures="0" tests="1" name="IncludeMe tag test" time="0.004" errors="0" timestamp="2023-09-27T17:22:21 IST">
  <testcase classname="introduction.IncludeOnlyDemo" name="includeMe" time="0.002"/>
  <testcase classname="introduction.IncludeOnlyDemo" name="DoNotIncludeMe" time="0.0">
    <ignored/>
  </testcase> <!-- DoNotIncludeMe -->
</testsuite> <!-- IncludeMe tag test -->
