<?xml version="1.0" encoding="UTF-8"?>
<!-- Generated by org.testng.reporters.JUnitXMLReporter -->
<testsuite ignored="0" hostname="ITT-VISHAL-S" failures="0" tests="3" name="Priority Demo" time="0.012" errors="0" timestamp="2023-09-27T17:22:21 IST">
  <testcase classname="introduction.Attribute_PriorityTest" name="c" time="0.001"/>
  <testcase classname="introduction.Attribute_PriorityTest" name="b" time="0.001"/>
  <testcase classname="introduction.Attribute_PriorityTest" name="a" time="0.001"/>
</testsuite> <!-- Priority Demo -->
