<?xml version="1.0" encoding="UTF-8"?>
<!-- Generated by org.testng.reporters.JUnitXMLReporter -->
<testsuite ignored="1" hostname="ITT-VISHAL-S" failures="0" tests="3" name="Regex for filtering demo" time="0.02" errors="0" timestamp="2024-04-30T17:04:08 IST">
  <testcase classname="introduction.RegexSuiteForControllingTests" name="runMe" time="0.002"/>
  <testcase classname="introduction.RegexSuiteForControllingTests" name="runMe2" time="0.003"/>
  <testcase classname="introduction.RegexSuiteForControllingTests" name="runMe3" time="0.002"/>
  <testcase classname="introduction.RegexSuiteForControllingTests" name="exclude" time="0.0">
    <ignored/>
  </testcase> <!-- exclude -->
</testsuite> <!-- Regex for filtering demo -->
