<?xml version="1.0" encoding="UTF-8"?>
<!-- Generated by org.testng.reporters.JUnitXMLReporter -->
<testsuite ignored="1" hostname="ITT-VISHAL-S" failures="0" tests="3" name="Regex for filtering demo" time="0.007" errors="0" timestamp="2023-09-27T17:22:21 IST">
  <testcase classname="introduction.RegexSuiteForControllingTests" name="runMe" time="0.001"/>
  <testcase classname="introduction.RegexSuiteForControllingTests" name="runMe2" time="0.001"/>
  <testcase classname="introduction.RegexSuiteForControllingTests" name="runMe3" time="0.001"/>
  <testcase classname="introduction.RegexSuiteForControllingTests" name="exclude" time="0.0">
    <ignored/>
  </testcase> <!-- exclude -->
</testsuite> <!-- Regex for filtering demo -->
