<?xml version="1.0" encoding="UTF-8"?>
<!-- Generated by org.testng.reporters.JUnitXMLReporter -->
<testsuite ignored="0" hostname="ITT-VISHAL-S" failures="1" tests="3" name="Submit Order Test" time="46.895" errors="0" timestamp="2023-10-07T16:52:18 IST">
  <testcase classname="e2etests.SubmitOrderTest" name="SubmitOrder" time="11.805">
    <failure type="org.openqa.selenium.ElementClickInterceptedException" message="element click intercepted: Element is not clickable at point (1088, 784)
  (Session info: chrome=117.0.5938.134)
Build info: version: &amp;apos;4.13.0&amp;apos;, revision: &amp;apos;ba948ece5b*&amp;apos;
System info: os.name: &amp;apos;Windows 10&amp;apos;, os.arch: &amp;apos;amd64&amp;apos;, os.version: &amp;apos;10.0&amp;apos;, java.version: &amp;apos;17.0.8&amp;apos;
Driver info: org.openqa.selenium.chrome.ChromeDriver
Command: [957e17aa9978d5524b53151ba4ce6083, clickElement {id=1B6E655DC92C31F7E1911D599CFC647F_element_368}]
Capabilities {acceptInsecureCerts: false, browserName: chrome, browserVersion: 117.0.5938.134, chrome: {chromedriverVersion: 117.0.5938.149 (e3344ddefa1..., userDataDir: C:\Users\VISHAL~1.SON\AppDa...}, fedcm:accounts: true, goog:chromeOptions: {debuggerAddress: localhost:57513}, networkConnectionEnabled: false, pageLoadStrategy: normal, platformName: windows, proxy: Proxy(), se:cdp: ws://localhost:57513/devtoo..., se:cdpVersion: 117.0.5938.134, setWindowRect: true, strictFileInteractability: false, timeouts: {implicit: 0, pageLoad: 300000, script: 30000}, unhandledPromptBehavior: dismiss and notify, webauthn:extension:credBlob: true, webauthn:extension:largeBlob: true, webauthn:extension:minPinLength: true, webauthn:extension:prf: true, webauthn:virtualAuthenticators: true}
Element: [[ChromeDriver: chrome on windows (957e17aa9978d5524b53151ba4ce6083)] -&amp;gt; css selector: .totalRow button]
Session ID: 957e17aa9978d5524b53151ba4ce6083">
      <![CDATA[org.openqa.selenium.ElementClickInterceptedException: element click intercepted: Element is not clickable at point (1088, 784)
  (Session info: chrome=117.0.5938.134)
Build info: version: '4.13.0', revision: 'ba948ece5b*'
System info: os.name: 'Windows 10', os.arch: 'amd64', os.version: '10.0', java.version: '17.0.8'
Driver info: org.openqa.selenium.chrome.ChromeDriver
Command: [957e17aa9978d5524b53151ba4ce6083, clickElement {id=1B6E655DC92C31F7E1911D599CFC647F_element_368}]
Capabilities {acceptInsecureCerts: false, browserName: chrome, browserVersion: 117.0.5938.134, chrome: {chromedriverVersion: 117.0.5938.149 (e3344ddefa1..., userDataDir: C:\Users\VISHAL~1.SON\AppDa...}, fedcm:accounts: true, goog:chromeOptions: {debuggerAddress: localhost:57513}, networkConnectionEnabled: false, pageLoadStrategy: normal, platformName: windows, proxy: Proxy(), se:cdp: ws://localhost:57513/devtoo..., se:cdpVersion: 117.0.5938.134, setWindowRect: true, strictFileInteractability: false, timeouts: {implicit: 0, pageLoad: 300000, script: 30000}, unhandledPromptBehavior: dismiss and notify, webauthn:extension:credBlob: true, webauthn:extension:largeBlob: true, webauthn:extension:minPinLength: true, webauthn:extension:prf: true, webauthn:virtualAuthenticators: true}
Element: [[ChromeDriver: chrome on windows (957e17aa9978d5524b53151ba4ce6083)] -> css selector: .totalRow button]
Session ID: 957e17aa9978d5524b53151ba4ce6083
at org.openqa.selenium.remote.codec.w3c.W3CHttpResponseCodec.createException(W3CHttpResponseCodec.java:200)
at org.openqa.selenium.remote.codec.w3c.W3CHttpResponseCodec.decode(W3CHttpResponseCodec.java:133)
at org.openqa.selenium.remote.codec.w3c.W3CHttpResponseCodec.decode(W3CHttpResponseCodec.java:52)
at org.openqa.selenium.remote.HttpCommandExecutor.execute(HttpCommandExecutor.java:191)
at org.openqa.selenium.remote.service.DriverCommandExecutor.invokeExecute(DriverCommandExecutor.java:196)
at org.openqa.selenium.remote.service.DriverCommandExecutor.execute(DriverCommandExecutor.java:171)
at org.openqa.selenium.remote.RemoteWebDriver.execute(RemoteWebDriver.java:602)
at org.openqa.selenium.remote.RemoteWebElement.execute(RemoteWebElement.java:224)
at org.openqa.selenium.remote.RemoteWebElement.click(RemoteWebElement.java:77)
at org.openqa.selenium.support.pagefactory.internal.LocatingElementHandler.invoke(LocatingElementHandler.java:51)
at jdk.proxy2/jdk.proxy2.$Proxy19.click(Unknown Source)
at pageobjects.CartPage.goToCheckoutPage(CartPage.java:33)
at e2etests.SubmitOrderTest.SubmitOrder(SubmitOrderTest.java:34)
at java.base/java.util.ArrayList.forEach(ArrayList.java:1511)
at java.base/java.util.concurrent.FutureTask.run(FutureTask.java:264)
at java.base/java.util.concurrent.ThreadPoolExecutor.runWorker(ThreadPoolExecutor.java:1136)
at java.base/java.util.concurrent.ThreadPoolExecutor$Worker.run(ThreadPoolExecutor.java:635)
at java.base/java.lang.Thread.run(Thread.java:833)
... Removed 26 stack frames]]>
    </failure>
  </testcase> <!-- SubmitOrder -->
  <testcase classname="e2etests.SubmitOrderTest" name="SubmitOrder" time="12.128"/>
  <testcase classname="e2etests.SubmitOrderTest" name="OrderHistoryTest" time="0.0">
    <skipped/>
  </testcase> <!-- OrderHistoryTest -->
</testsuite> <!-- Submit Order Test -->
