<?xml version="1.0" encoding="UTF-8"?>
<testng-results ignored="0" total="1" passed="1" failed="0" skipped="0">
  <reporter-output>
  </reporter-output>
  <suite started-at="2023-10-03T17:29:44 IST" name="Default suite" finished-at="2023-10-03T17:29:54 IST" duration-ms="10192">
    <groups>
    </groups>
    <test started-at="2023-10-03T17:29:44 IST" name="Default test" finished-at="2023-10-03T17:29:54 IST" duration-ms="10192">
      <class name="frameworklearning.ExtentReports.ExtentReportDemo">
        <test-method is-config="true" signature="config()[pri:0, instance:frameworklearning.ExtentReports.ExtentReportDemo@18078bef]" started-at="2023-10-03T17:29:44 IST" name="config" finished-at="2023-10-03T17:29:44 IST" duration-ms="218" status="PASS">
          <reporter-output>
          </reporter-output>
        </test-method> <!-- config -->
        <test-method signature="initialDemo()[pri:0, instance:frameworklearning.ExtentReports.ExtentReportDemo@18078bef]" started-at="2023-10-03T17:29:44 IST" name="initialDemo" finished-at="2023-10-03T17:29:54 IST" duration-ms="9923" status="PASS">
          <reporter-output>
          </reporter-output>
        </test-method> <!-- initialDemo -->
      </class> <!-- frameworklearning.ExtentReports.ExtentReportDemo -->
    </test> <!-- Default test -->
  </suite> <!-- Default suite -->
</testng-results>
