<?xml version="1.0" encoding="UTF-8"?>
<!-- Generated by org.testng.reporters.JUnitXMLReporter -->
<testsuite ignored="1" hostname="ITT-VISHAL-S" failures="0" tests="30" name="params" time="0.301" errors="0" timestamp="2024-04-30T17:00:17 IST">
  <testcase classname="annotationslearning.AnnotationsDemo" name="MultipleParams" time="0.025"/>
  <testcase classname="annotationslearning.AnnotationsDemo" name="Test1" time="0.004"/>
  <testcase classname="annotationslearning.AnnotationsDemo" name="Test2" time="0.004"/>
  <testcase classname="annotationslearning.AnnotationsDemo" name="sanityTest1" time="0.002"/>
  <testcase classname="annotationslearning.AnnotationsDemo" name="sanityTest2" time="0.006"/>
  <testcase classname="annotationslearning.AnnotationsDemo" name="sanityTest3" time="0.002"/>
  <testcase classname="introduction.Attribute_DataProviderTest" name="TestDataProvider" time="0.003"/>
  <testcase classname="introduction.Attribute_DataProviderTest" name="TestDataProvider" time="0.003"/>
  <testcase classname="introduction.Attribute_DataProviderTest" name="TestDataProvider" time="0.005"/>
  <testcase classname="introduction.Attribute_DependsOnDemo" name="c" time="0.002"/>
  <testcase classname="introduction.Attribute_DependsOnDemo" name="b" time="0.001"/>
  <testcase classname="introduction.Attribute_DependsOnDemo" name="a" time="0.004"/>
  <testcase classname="introduction.Attribute_EnabledTest" name="b" time="0.002"/>
  <testcase classname="introduction.Attribute_EnabledTest" name="c" time="0.002"/>
  <testcase classname="introduction.Attribute_GroupsTest" name="smokeTest1" time="0.004"/>
  <testcase classname="introduction.Attribute_GroupsTest" name="smokeTest2" time="0.001"/>
  <testcase classname="introduction.Attribute_GroupsTest" name="smokeTest3" time="0.002"/>
  <testcase classname="introduction.Attribute_PriorityTest" name="c" time="0.002"/>
  <testcase classname="introduction.Attribute_PriorityTest" name="b" time="0.004"/>
  <testcase classname="introduction.Attribute_PriorityTest" name="a" time="0.002"/>
  <testcase classname="introduction.Attribute_TimeoutTest" name="a" time="0.007"/>
  <testcase classname="introduction.FirstTest" name="firstTest" time="0.002"/>
  <testcase classname="introduction.IncludeOnlyDemo" name="DoNotIncludeMe" time="0.002"/>
  <testcase classname="introduction.IncludeOnlyDemo" name="includeMe" time="0.002"/>
  <testcase classname="introduction.ParameteringTest" name="test1" time="0.004"/>
  <testcase classname="introduction.ParameteringTest" name="test2" time="0.005"/>
  <testcase classname="introduction.RegexSuiteForControllingTests" name="exclude" time="0.002"/>
  <testcase classname="introduction.RegexSuiteForControllingTests" name="runMe" time="0.002"/>
  <testcase classname="introduction.RegexSuiteForControllingTests" name="runMe2" time="0.001"/>
  <testcase classname="introduction.RegexSuiteForControllingTests" name="runMe3" time="0.002"/>
  <testcase classname="introduction.Attribute_EnabledTest" name="a" time="0.0">
    <ignored/>
  </testcase> <!-- a -->
</testsuite> <!-- params -->
