<?xml version="1.0" encoding="UTF-8"?>
<!-- Generated by org.testng.reporters.JUnitXMLReporter -->
<testsuite ignored="3" hostname="ITT-VISHAL-S" failures="0" tests="6" name="GroupsTest" time="0.057" errors="0" timestamp="2023-12-03T18:47:13 IST">
  <testcase classname="introduction.Attribute_GroupsTest" name="smokeTest1" time="0.007"/>
  <testcase classname="introduction.Attribute_GroupsTest" name="smokeTest2" time="0.001"/>
  <testcase classname="introduction.Attribute_GroupsTest" name="smokeTest3" time="0.001"/>
  <testcase classname="annotationslearning.AnnotationsDemo" name="sanityTest1" time="0.001"/>
  <testcase classname="annotationslearning.AnnotationsDemo" name="sanityTest2" time="0.001"/>
  <testcase classname="annotationslearning.AnnotationsDemo" name="sanityTest3" time="0.001"/>
  <testcase classname="annotationslearning.AnnotationsDemo" name="Test1" time="0.0">
    <ignored/>
  </testcase> <!-- Test1 -->
  <testcase classname="annotationslearning.AnnotationsDemo" name="MultipleParams" time="0.0">
    <ignored/>
  </testcase> <!-- MultipleParams -->
  <testcase classname="annotationslearning.AnnotationsDemo" name="Test2" time="0.0">
    <ignored/>
  </testcase> <!-- Test2 -->
</testsuite> <!-- GroupsTest -->
